<?xml version="1.0" encoding="UTF-8"?>
<!-- Generated by org.testng.reporters.JUnitXMLReporter -->
<testsuite hostname="WL313736" name="Default test" tests="3" failures="0" timestamp="8 Apr 2017 05:17:36 GMT" time="63.186" errors="0">
  <testcase name="f" time="32.751" classname="pckgSeleniumFramework.ParallelTestNG"/>
  <testcase name="f" time="1.195" classname="pckgSeleniumFramework.Parallel"/>
  <testcase name="f" time="30.222" classname="pckgSeleniumFramework.Parallel"/>
</testsuite> <!-- Default test -->
